<?xml version="1.0" encoding="UTF-8"?>
<testng-results skipped="0" failed="0" ignored="0" total="1" passed="1">
  <reporter-output>
  </reporter-output>
  <suite name="Suite" duration-ms="129333" started-at="2021-07-08T02:05:13Z" finished-at="2021-07-08T02:07:22Z">
    <groups>
    </groups>
    <test name="Test" duration-ms="129333" started-at="2021-07-08T02:05:13Z" finished-at="2021-07-08T02:07:22Z">
      <class name="qaAndroid.theScoreAutomation.LeagueTest">
        <test-method status="PASS" signature="amenityValidation(java.lang.String)[pri:0, instance:qaAndroid.theScoreAutomation.LeagueTest@551bdc27]" name="amenityValidation" duration-ms="129308" started-at="2021-07-08T02:05:13Z" data-provider="InputData" finished-at="2021-07-08T02:07:22Z">
          <params>
            <param index="0">
              <value>
                <![CDATA[NHL HOCKEY]]>
              </value>
            </param>
          </params>
          <reporter-output>
          </reporter-output>
        </test-method> <!-- amenityValidation -->
      </class> <!-- qaAndroid.theScoreAutomation.LeagueTest -->
    </test> <!-- Test -->
  </suite> <!-- Suite -->
</testng-results>
