<?xml version="1.0" encoding="UTF-8"?>
<testng-results ignored="0" total="1" passed="1" failed="0" skipped="0">
  <reporter-output>
  </reporter-output>
  <suite started-at="2021-07-07T13:19:05 EDT" name="Suite" finished-at="2021-07-07T13:21:26 EDT" duration-ms="141444">
    <groups>
    </groups>
    <test started-at="2021-07-07T13:19:05 EDT" name="Test" finished-at="2021-07-07T13:21:26 EDT" duration-ms="141444">
      <class name="qaAndroid.theScoreAutomation.LeagueTest">
        <test-method signature="amenityValidation(java.lang.String)[pri:0, instance:qaAndroid.theScoreAutomation.LeagueTest@101952da]" started-at="2021-07-07T13:19:05 EDT" name="amenityValidation" data-provider="InputData" finished-at="2021-07-07T13:21:26 EDT" duration-ms="141410" status="PASS">
          <params>
            <param index="0">
              <value>
                <![CDATA[NHL HOCKEY]]>
              </value>
            </param>
          </params>
          <reporter-output>
          </reporter-output>
        </test-method> <!-- amenityValidation -->
      </class> <!-- qaAndroid.theScoreAutomation.LeagueTest -->
    </test> <!-- Test -->
  </suite> <!-- Suite -->
</testng-results>
